mode: set
github.com/evrintobing17/expense-management-backend/cmd/api/main.go:33.13,37.16 3 0
github.com/evrintobing17/expense-management-backend/cmd/api/main.go:37.16,39.3 1 0
github.com/evrintobing17/expense-management-backend/cmd/api/main.go:40.2,93.12 26 0
github.com/evrintobing17/expense-management-backend/cmd/api/main.go:93.12,95.80 2 0
github.com/evrintobing17/expense-management-backend/cmd/api/main.go:95.80,97.4 1 0
github.com/evrintobing17/expense-management-backend/cmd/api/main.go:100.2,109.45 7 0
github.com/evrintobing17/expense-management-backend/cmd/api/main.go:109.45,111.3 1 0
github.com/evrintobing17/expense-management-backend/cmd/api/main.go:113.2,113.30 1 0
github.com/evrintobing17/expense-management-backend/cmd/migration/main.go:11.13,22.15 7 0
github.com/evrintobing17/expense-management-backend/cmd/migration/main.go:22.15,26.3 3 0
github.com/evrintobing17/expense-management-backend/cmd/migration/main.go:29.2,30.16 2 0
github.com/evrintobing17/expense-management-backend/cmd/migration/main.go:30.16,32.3 1 0
github.com/evrintobing17/expense-management-backend/cmd/migration/main.go:33.2,35.15 2 0
github.com/evrintobing17/expense-management-backend/cmd/migration/main.go:35.15,38.17 2 0
github.com/evrintobing17/expense-management-backend/cmd/migration/main.go:38.17,40.4 1 0
github.com/evrintobing17/expense-management-backend/cmd/migration/main.go:41.3,41.59 1 0
github.com/evrintobing17/expense-management-backend/cmd/migration/main.go:42.8,45.17 2 0
github.com/evrintobing17/expense-management-backend/cmd/migration/main.go:45.17,47.4 1 0
github.com/evrintobing17/expense-management-backend/cmd/migration/main.go:48.3,48.60 1 0
github.com/evrintobing17/expense-management-backend/cmd/worker/main.go:18.13,24.16 3 0
github.com/evrintobing17/expense-management-backend/cmd/worker/main.go:24.16,26.3 1 0
github.com/evrintobing17/expense-management-backend/cmd/worker/main.go:27.2,56.30 15 0
github.com/evrintobing17/expense-management-backend/config/config.go:20.21,32.2 1 0
github.com/evrintobing17/expense-management-backend/config/config.go:34.46,35.48 1 0
github.com/evrintobing17/expense-management-backend/config/config.go:35.48,37.3 1 0
github.com/evrintobing17/expense-management-backend/config/config.go:38.2,38.21 1 0
github.com/evrintobing17/expense-management-backend/config/config.go:41.52,42.48 1 0
github.com/evrintobing17/expense-management-backend/config/config.go:42.48,43.55 1 0
github.com/evrintobing17/expense-management-backend/config/config.go:43.55,45.4 1 0
github.com/evrintobing17/expense-management-backend/config/config.go:47.2,47.21 1 0
github.com/evrintobing17/expense-management-backend/internal/approval/repository/approvalRepository.go:15.68,17.2 1 0
github.com/evrintobing17/expense-management-backend/internal/approval/repository/approvalRepository.go:19.91,34.2 3 1
github.com/evrintobing17/expense-management-backend/internal/approval/repository/approvalRepository.go:36.108,53.16 4 1
github.com/evrintobing17/expense-management-backend/internal/approval/repository/approvalRepository.go:53.16,54.27 1 1
github.com/evrintobing17/expense-management-backend/internal/approval/repository/approvalRepository.go:54.27,56.4 1 1
github.com/evrintobing17/expense-management-backend/internal/approval/repository/approvalRepository.go:57.3,57.18 1 0
github.com/evrintobing17/expense-management-backend/internal/approval/repository/approvalRepository.go:60.2,60.22 1 1
github.com/evrintobing17/expense-management-backend/internal/auth/usecase/authUsecase.go:14.68,16.2 1 1
github.com/evrintobing17/expense-management-backend/internal/auth/usecase/authUsecase.go:18.113,20.16 2 1
github.com/evrintobing17/expense-management-backend/internal/auth/usecase/authUsecase.go:20.16,22.3 1 1
github.com/evrintobing17/expense-management-backend/internal/auth/usecase/authUsecase.go:24.2,31.33 2 1
github.com/evrintobing17/expense-management-backend/internal/auth/handler/authHandler.go:14.64,16.2 1 1
github.com/evrintobing17/expense-management-backend/internal/auth/handler/authHandler.go:18.69,25.61 3 1
github.com/evrintobing17/expense-management-backend/internal/auth/handler/authHandler.go:25.61,28.3 2 1
github.com/evrintobing17/expense-management-backend/internal/auth/handler/authHandler.go:30.2,31.16 2 1
github.com/evrintobing17/expense-management-backend/internal/auth/handler/authHandler.go:31.16,34.3 2 1
github.com/evrintobing17/expense-management-backend/internal/auth/handler/authHandler.go:36.2,42.37 3 1
github.com/evrintobing17/expense-management-backend/internal/middleware/auth.go:19.83,20.46 1 1
github.com/evrintobing17/expense-management-backend/internal/middleware/auth.go:20.46,21.72 1 1
github.com/evrintobing17/expense-management-backend/internal/middleware/auth.go:21.72,23.24 2 1
github.com/evrintobing17/expense-management-backend/internal/middleware/auth.go:23.24,26.5 2 1
github.com/evrintobing17/expense-management-backend/internal/middleware/auth.go:28.4,29.47 2 1
github.com/evrintobing17/expense-management-backend/internal/middleware/auth.go:29.47,32.5 2 1
github.com/evrintobing17/expense-management-backend/internal/middleware/auth.go:34.4,36.18 3 1
github.com/evrintobing17/expense-management-backend/internal/middleware/auth.go:36.18,39.5 2 0
github.com/evrintobing17/expense-management-backend/internal/middleware/auth.go:42.4,45.41 3 1
github.com/evrintobing17/expense-management-backend/internal/middleware/auth.go:51.60,52.71 1 1
github.com/evrintobing17/expense-management-backend/internal/middleware/auth.go:52.71,54.40 2 1
github.com/evrintobing17/expense-management-backend/internal/middleware/auth.go:54.40,57.4 2 1
github.com/evrintobing17/expense-management-backend/internal/middleware/auth.go:59.3,59.23 1 1
github.com/evrintobing17/expense-management-backend/internal/middleware/auth.go:64.60,67.2 2 1
github.com/evrintobing17/expense-management-backend/internal/middleware/auth.go:69.70,72.2 2 1
github.com/evrintobing17/expense-management-backend/internal/middleware/auth.go:74.43,75.71 1 1
github.com/evrintobing17/expense-management-backend/internal/middleware/auth.go:75.71,82.28 4 1
github.com/evrintobing17/expense-management-backend/internal/middleware/auth.go:82.28,85.4 2 1
github.com/evrintobing17/expense-management-backend/internal/middleware/auth.go:87.3,87.23 1 1
github.com/evrintobing17/expense-management-backend/internal/user/repository/userRepository.go:15.56,17.2 1 0
github.com/evrintobing17/expense-management-backend/internal/user/repository/userRepository.go:19.86,36.16 4 1
github.com/evrintobing17/expense-management-backend/internal/user/repository/userRepository.go:36.16,37.27 1 1
github.com/evrintobing17/expense-management-backend/internal/user/repository/userRepository.go:37.27,39.4 1 1
github.com/evrintobing17/expense-management-backend/internal/user/repository/userRepository.go:40.3,40.18 1 1
github.com/evrintobing17/expense-management-backend/internal/user/repository/userRepository.go:43.2,43.18 1 1
github.com/evrintobing17/expense-management-backend/internal/user/repository/userRepository.go:46.95,63.16 4 1
github.com/evrintobing17/expense-management-backend/internal/user/repository/userRepository.go:63.16,64.27 1 0
github.com/evrintobing17/expense-management-backend/internal/user/repository/userRepository.go:64.27,66.4 1 0
github.com/evrintobing17/expense-management-backend/internal/user/repository/userRepository.go:67.3,67.18 1 0
github.com/evrintobing17/expense-management-backend/internal/user/repository/userRepository.go:70.2,70.18 1 1
github.com/evrintobing17/expense-management-backend/internal/expense/repository/repository.go:19.65,21.2 1 0
github.com/evrintobing17/expense-management-backend/internal/expense/repository/repository.go:23.88,34.18 5 1
github.com/evrintobing17/expense-management-backend/internal/expense/repository/repository.go:34.18,36.3 1 1
github.com/evrintobing17/expense-management-backend/internal/expense/repository/repository.go:36.8,36.29 1 1
github.com/evrintobing17/expense-management-backend/internal/expense/repository/repository.go:36.29,38.3 1 1
github.com/evrintobing17/expense-management-backend/internal/expense/repository/repository.go:40.2,50.16 2 1
github.com/evrintobing17/expense-management-backend/internal/expense/repository/repository.go:50.16,52.3 1 0
github.com/evrintobing17/expense-management-backend/internal/expense/repository/repository.go:54.2,58.12 4 1
github.com/evrintobing17/expense-management-backend/internal/expense/repository/repository.go:61.92,82.16 4 1
github.com/evrintobing17/expense-management-backend/internal/expense/repository/repository.go:82.16,83.27 1 1
github.com/evrintobing17/expense-management-backend/internal/expense/repository/repository.go:83.27,85.4 1 1
github.com/evrintobing17/expense-management-backend/internal/expense/repository/repository.go:86.3,86.18 1 0
github.com/evrintobing17/expense-management-backend/internal/expense/repository/repository.go:89.2,89.21 1 1
github.com/evrintobing17/expense-management-backend/internal/expense/repository/repository.go:92.150,102.18 4 1
github.com/evrintobing17/expense-management-backend/internal/expense/repository/repository.go:102.18,106.3 3 1
github.com/evrintobing17/expense-management-backend/internal/expense/repository/repository.go:108.2,110.15 2 1
github.com/evrintobing17/expense-management-backend/internal/expense/repository/repository.go:110.15,114.3 3 1
github.com/evrintobing17/expense-management-backend/internal/expense/repository/repository.go:116.2,116.16 1 1
github.com/evrintobing17/expense-management-backend/internal/expense/repository/repository.go:116.16,119.3 2 0
github.com/evrintobing17/expense-management-backend/internal/expense/repository/repository.go:121.2,122.16 2 1
github.com/evrintobing17/expense-management-backend/internal/expense/repository/repository.go:122.16,124.3 1 1
github.com/evrintobing17/expense-management-backend/internal/expense/repository/repository.go:125.2,128.18 3 1
github.com/evrintobing17/expense-management-backend/internal/expense/repository/repository.go:128.18,142.17 3 1
github.com/evrintobing17/expense-management-backend/internal/expense/repository/repository.go:142.17,144.4 1 0
github.com/evrintobing17/expense-management-backend/internal/expense/repository/repository.go:145.3,145.39 1 1
github.com/evrintobing17/expense-management-backend/internal/expense/repository/repository.go:148.2,148.22 1 1
github.com/evrintobing17/expense-management-backend/internal/expense/repository/repository.go:151.130,160.2 3 1
github.com/evrintobing17/expense-management-backend/internal/expense/repository/repository.go:162.97,171.16 3 1
github.com/evrintobing17/expense-management-backend/internal/expense/repository/repository.go:171.16,173.3 1 0
github.com/evrintobing17/expense-management-backend/internal/expense/repository/repository.go:174.2,177.18 3 1
github.com/evrintobing17/expense-management-backend/internal/expense/repository/repository.go:177.18,191.17 3 1
github.com/evrintobing17/expense-management-backend/internal/expense/repository/repository.go:191.17,193.4 1 0
github.com/evrintobing17/expense-management-backend/internal/expense/repository/repository.go:194.3,194.39 1 1
github.com/evrintobing17/expense-management-backend/internal/expense/repository/repository.go:197.2,197.22 1 1
github.com/evrintobing17/expense-management-backend/internal/expense/repository/repository.go:200.124,201.24 1 1
github.com/evrintobing17/expense-management-backend/internal/expense/repository/repository.go:201.24,203.3 1 1
github.com/evrintobing17/expense-management-backend/internal/expense/repository/repository.go:205.2,213.34 4 1
github.com/evrintobing17/expense-management-backend/internal/expense/repository/repository.go:213.34,216.3 2 1
github.com/evrintobing17/expense-management-backend/internal/expense/repository/repository.go:217.2,220.16 3 1
github.com/evrintobing17/expense-management-backend/internal/expense/repository/repository.go:220.16,222.3 1 0
github.com/evrintobing17/expense-management-backend/internal/expense/repository/repository.go:223.2,226.18 3 1
github.com/evrintobing17/expense-management-backend/internal/expense/repository/repository.go:226.18,240.17 3 1
github.com/evrintobing17/expense-management-backend/internal/expense/repository/repository.go:240.17,242.4 1 0
github.com/evrintobing17/expense-management-backend/internal/expense/repository/repository.go:243.3,243.39 1 1
github.com/evrintobing17/expense-management-backend/internal/expense/repository/repository.go:246.2,246.22 1 1
github.com/evrintobing17/expense-management-backend/internal/expense/handler/expenseHandler.go:18.79,20.2 1 1
github.com/evrintobing17/expense-management-backend/internal/expense/handler/expenseHandler.go:22.80,31.61 3 1
github.com/evrintobing17/expense-management-backend/internal/expense/handler/expenseHandler.go:31.61,34.3 2 0
github.com/evrintobing17/expense-management-backend/internal/expense/handler/expenseHandler.go:36.2,37.9 2 1
github.com/evrintobing17/expense-management-backend/internal/expense/handler/expenseHandler.go:37.9,40.3 2 1
github.com/evrintobing17/expense-management-backend/internal/expense/handler/expenseHandler.go:42.2,43.16 2 1
github.com/evrintobing17/expense-management-backend/internal/expense/handler/expenseHandler.go:43.16,44.14 1 1
github.com/evrintobing17/expense-management-backend/internal/expense/handler/expenseHandler.go:45.62,46.53 1 1
github.com/evrintobing17/expense-management-backend/internal/expense/handler/expenseHandler.go:47.11,48.74 1 0
github.com/evrintobing17/expense-management-backend/internal/expense/handler/expenseHandler.go:50.3,50.9 1 1
github.com/evrintobing17/expense-management-backend/internal/expense/handler/expenseHandler.go:53.2,55.36 3 1
github.com/evrintobing17/expense-management-backend/internal/expense/handler/expenseHandler.go:58.78,62.9 3 1
github.com/evrintobing17/expense-management-backend/internal/expense/handler/expenseHandler.go:62.9,65.3 2 0
github.com/evrintobing17/expense-management-backend/internal/expense/handler/expenseHandler.go:68.2,72.14 4 1
github.com/evrintobing17/expense-management-backend/internal/expense/handler/expenseHandler.go:72.14,74.3 1 0
github.com/evrintobing17/expense-management-backend/internal/expense/handler/expenseHandler.go:76.2,76.15 1 1
github.com/evrintobing17/expense-management-backend/internal/expense/handler/expenseHandler.go:76.15,78.3 1 0
github.com/evrintobing17/expense-management-backend/internal/expense/handler/expenseHandler.go:80.2,81.16 2 1
github.com/evrintobing17/expense-management-backend/internal/expense/handler/expenseHandler.go:81.16,84.3 2 0
github.com/evrintobing17/expense-management-backend/internal/expense/handler/expenseHandler.go:86.2,87.37 2 1
github.com/evrintobing17/expense-management-backend/internal/expense/handler/expenseHandler.go:90.77,94.9 3 1
github.com/evrintobing17/expense-management-backend/internal/expense/handler/expenseHandler.go:94.9,97.3 2 0
github.com/evrintobing17/expense-management-backend/internal/expense/handler/expenseHandler.go:99.2,101.16 3 1
github.com/evrintobing17/expense-management-backend/internal/expense/handler/expenseHandler.go:101.16,104.3 2 0
github.com/evrintobing17/expense-management-backend/internal/expense/handler/expenseHandler.go:106.2,107.16 2 1
github.com/evrintobing17/expense-management-backend/internal/expense/handler/expenseHandler.go:107.16,108.14 1 1
github.com/evrintobing17/expense-management-backend/internal/expense/handler/expenseHandler.go:109.34,110.59 1 1
github.com/evrintobing17/expense-management-backend/internal/expense/handler/expenseHandler.go:111.11,112.74 1 0
github.com/evrintobing17/expense-management-backend/internal/expense/handler/expenseHandler.go:114.3,114.9 1 1
github.com/evrintobing17/expense-management-backend/internal/expense/handler/expenseHandler.go:117.2,118.36 2 0
github.com/evrintobing17/expense-management-backend/internal/expense/handler/expenseHandler.go:121.81,125.9 3 1
github.com/evrintobing17/expense-management-backend/internal/expense/handler/expenseHandler.go:125.9,128.3 2 0
github.com/evrintobing17/expense-management-backend/internal/expense/handler/expenseHandler.go:130.2,132.16 3 1
github.com/evrintobing17/expense-management-backend/internal/expense/handler/expenseHandler.go:132.16,135.3 2 1
github.com/evrintobing17/expense-management-backend/internal/expense/handler/expenseHandler.go:137.2,141.61 2 1
github.com/evrintobing17/expense-management-backend/internal/expense/handler/expenseHandler.go:141.61,144.3 2 0
github.com/evrintobing17/expense-management-backend/internal/expense/handler/expenseHandler.go:146.2,147.16 2 1
github.com/evrintobing17/expense-management-backend/internal/expense/handler/expenseHandler.go:147.16,148.14 1 1
github.com/evrintobing17/expense-management-backend/internal/expense/handler/expenseHandler.go:149.34,150.59 1 0
github.com/evrintobing17/expense-management-backend/internal/expense/handler/expenseHandler.go:151.39,152.70 1 0
github.com/evrintobing17/expense-management-backend/internal/expense/handler/expenseHandler.go:153.37,154.77 1 1
github.com/evrintobing17/expense-management-backend/internal/expense/handler/expenseHandler.go:155.11,156.74 1 0
github.com/evrintobing17/expense-management-backend/internal/expense/handler/expenseHandler.go:158.3,158.9 1 1
github.com/evrintobing17/expense-management-backend/internal/expense/handler/expenseHandler.go:161.2,161.30 1 0
github.com/evrintobing17/expense-management-backend/internal/expense/handler/expenseHandler.go:164.80,168.9 3 1
github.com/evrintobing17/expense-management-backend/internal/expense/handler/expenseHandler.go:168.9,171.3 2 0
github.com/evrintobing17/expense-management-backend/internal/expense/handler/expenseHandler.go:173.2,175.16 3 1
github.com/evrintobing17/expense-management-backend/internal/expense/handler/expenseHandler.go:175.16,178.3 2 0
github.com/evrintobing17/expense-management-backend/internal/expense/handler/expenseHandler.go:180.2,184.61 2 1
github.com/evrintobing17/expense-management-backend/internal/expense/handler/expenseHandler.go:184.61,187.3 2 0
github.com/evrintobing17/expense-management-backend/internal/expense/handler/expenseHandler.go:189.2,190.16 2 1
github.com/evrintobing17/expense-management-backend/internal/expense/handler/expenseHandler.go:190.16,191.14 1 0
github.com/evrintobing17/expense-management-backend/internal/expense/handler/expenseHandler.go:192.34,193.59 1 0
github.com/evrintobing17/expense-management-backend/internal/expense/handler/expenseHandler.go:194.39,195.70 1 0
github.com/evrintobing17/expense-management-backend/internal/expense/handler/expenseHandler.go:196.37,197.76 1 0
github.com/evrintobing17/expense-management-backend/internal/expense/handler/expenseHandler.go:198.11,199.74 1 0
github.com/evrintobing17/expense-management-backend/internal/expense/handler/expenseHandler.go:201.3,201.9 1 0
github.com/evrintobing17/expense-management-backend/internal/expense/handler/expenseHandler.go:204.2,204.30 1 1
github.com/evrintobing17/expense-management-backend/internal/expense/handler/expenseHandler.go:207.85,211.16 3 1
github.com/evrintobing17/expense-management-backend/internal/expense/handler/expenseHandler.go:211.16,214.3 2 1
github.com/evrintobing17/expense-management-backend/internal/expense/handler/expenseHandler.go:216.2,217.37 2 0
github.com/evrintobing17/expense-management-backend/internal/payment/worker/paymentWorker.go:22.140,28.2 1 0
github.com/evrintobing17/expense-management-backend/internal/payment/worker/paymentWorker.go:30.52,34.6 3 0
github.com/evrintobing17/expense-management-backend/internal/payment/worker/paymentWorker.go:34.6,35.10 1 0
github.com/evrintobing17/expense-management-backend/internal/payment/worker/paymentWorker.go:36.19,37.26 1 0
github.com/evrintobing17/expense-management-backend/internal/payment/worker/paymentWorker.go:38.21,40.10 2 0
github.com/evrintobing17/expense-management-backend/internal/payment/worker/paymentWorker.go:45.62,47.16 2 0
github.com/evrintobing17/expense-management-backend/internal/payment/worker/paymentWorker.go:47.16,50.3 2 0
github.com/evrintobing17/expense-management-backend/internal/payment/worker/paymentWorker.go:52.2,52.35 1 0
github.com/evrintobing17/expense-management-backend/internal/payment/worker/paymentWorker.go:52.35,54.17 2 0
github.com/evrintobing17/expense-management-backend/internal/payment/worker/paymentWorker.go:54.17,57.4 2 0
github.com/evrintobing17/expense-management-backend/internal/payment/worker/paymentWorker.go:61.92,65.16 3 0
github.com/evrintobing17/expense-management-backend/internal/payment/worker/paymentWorker.go:65.16,66.30 1 0
github.com/evrintobing17/expense-management-backend/internal/payment/worker/paymentWorker.go:66.30,69.4 2 0
github.com/evrintobing17/expense-management-backend/internal/payment/worker/paymentWorker.go:70.3,70.13 1 0
github.com/evrintobing17/expense-management-backend/internal/payment/worker/paymentWorker.go:73.2,73.42 1 0
github.com/evrintobing17/expense-management-backend/internal/payment/worker/paymentWorker.go:73.42,76.3 2 0
github.com/evrintobing17/expense-management-backend/internal/payment/worker/paymentWorker.go:78.2,78.75 1 0
github.com/evrintobing17/expense-management-backend/internal/payment/worker/paymentWorker.go:81.41,83.2 1 0
github.com/evrintobing17/expense-management-backend/internal/health/handler/healthHandler.go:13.50,15.2 1 1
github.com/evrintobing17/expense-management-backend/internal/health/handler/healthHandler.go:17.71,22.16 3 1
github.com/evrintobing17/expense-management-backend/internal/health/handler/healthHandler.go:22.16,25.3 2 1
github.com/evrintobing17/expense-management-backend/internal/health/handler/healthHandler.go:27.2,33.37 3 1
github.com/evrintobing17/expense-management-backend/internal/expense/usecase/expenseUsecase.go:17.128,22.2 1 1
github.com/evrintobing17/expense-management-backend/internal/expense/usecase/expenseUsecase.go:24.146,25.80 1 1
github.com/evrintobing17/expense-management-backend/internal/expense/usecase/expenseUsecase.go:25.80,27.3 1 1
github.com/evrintobing17/expense-management-backend/internal/expense/usecase/expenseUsecase.go:29.2,29.23 1 1
github.com/evrintobing17/expense-management-backend/internal/expense/usecase/expenseUsecase.go:29.23,31.3 1 1
github.com/evrintobing17/expense-management-backend/internal/expense/usecase/expenseUsecase.go:33.2,41.16 3 1
github.com/evrintobing17/expense-management-backend/internal/expense/usecase/expenseUsecase.go:41.16,43.3 1 1
github.com/evrintobing17/expense-management-backend/internal/expense/usecase/expenseUsecase.go:45.2,45.21 1 1
github.com/evrintobing17/expense-management-backend/internal/expense/usecase/expenseUsecase.go:48.108,50.16 2 1
github.com/evrintobing17/expense-management-backend/internal/expense/usecase/expenseUsecase.go:50.16,52.3 1 1
github.com/evrintobing17/expense-management-backend/internal/expense/usecase/expenseUsecase.go:54.2,54.20 1 1
github.com/evrintobing17/expense-management-backend/internal/expense/usecase/expenseUsecase.go:54.20,56.3 1 1
github.com/evrintobing17/expense-management-backend/internal/expense/usecase/expenseUsecase.go:58.2,58.30 1 1
github.com/evrintobing17/expense-management-backend/internal/expense/usecase/expenseUsecase.go:58.30,60.3 1 1
github.com/evrintobing17/expense-management-backend/internal/expense/usecase/expenseUsecase.go:62.2,62.21 1 1
github.com/evrintobing17/expense-management-backend/internal/expense/usecase/expenseUsecase.go:65.149,66.14 1 1
github.com/evrintobing17/expense-management-backend/internal/expense/usecase/expenseUsecase.go:66.14,68.3 1 1
github.com/evrintobing17/expense-management-backend/internal/expense/usecase/expenseUsecase.go:70.2,70.15 1 1
github.com/evrintobing17/expense-management-backend/internal/expense/usecase/expenseUsecase.go:70.15,72.3 1 1
github.com/evrintobing17/expense-management-backend/internal/expense/usecase/expenseUsecase.go:74.2,76.72 2 1
github.com/evrintobing17/expense-management-backend/internal/expense/usecase/expenseUsecase.go:79.114,81.2 1 1
github.com/evrintobing17/expense-management-backend/internal/expense/usecase/expenseUsecase.go:83.113,85.2 1 1
github.com/evrintobing17/expense-management-backend/internal/expense/usecase/expenseUsecase.go:94.9,96.16 2 1
github.com/evrintobing17/expense-management-backend/internal/expense/usecase/expenseUsecase.go:96.16,98.3 1 0
github.com/evrintobing17/expense-management-backend/internal/expense/usecase/expenseUsecase.go:100.2,100.20 1 1
github.com/evrintobing17/expense-management-backend/internal/expense/usecase/expenseUsecase.go:100.20,102.3 1 1
github.com/evrintobing17/expense-management-backend/internal/expense/usecase/expenseUsecase.go:104.2,104.60 1 1
github.com/evrintobing17/expense-management-backend/internal/expense/usecase/expenseUsecase.go:104.60,106.3 1 1
github.com/evrintobing17/expense-management-backend/internal/expense/usecase/expenseUsecase.go:109.2,117.16 3 1
github.com/evrintobing17/expense-management-backend/internal/expense/usecase/expenseUsecase.go:117.16,119.3 1 1
github.com/evrintobing17/expense-management-backend/internal/expense/usecase/expenseUsecase.go:121.2,122.73 2 1
github.com/evrintobing17/expense-management-backend/internal/expense/usecase/expenseUsecase.go:125.94,127.2 1 1
github.com/evrintobing17/expense-management-backend/mocks/ApprovalRepository.go:18.87,21.19 2 0
github.com/evrintobing17/expense-management-backend/mocks/ApprovalRepository.go:21.19,22.48 1 0
github.com/evrintobing17/expense-management-backend/mocks/ApprovalRepository.go:25.2,26.78 2 0
github.com/evrintobing17/expense-management-backend/mocks/ApprovalRepository.go:26.78,28.3 1 0
github.com/evrintobing17/expense-management-backend/mocks/ApprovalRepository.go:28.8,30.3 1 0
github.com/evrintobing17/expense-management-backend/mocks/ApprovalRepository.go:32.2,32.11 1 0
github.com/evrintobing17/expense-management-backend/mocks/ApprovalRepository.go:36.109,39.19 2 0
github.com/evrintobing17/expense-management-backend/mocks/ApprovalRepository.go:39.19,40.57 1 0
github.com/evrintobing17/expense-management-backend/mocks/ApprovalRepository.go:43.2,45.85 3 0
github.com/evrintobing17/expense-management-backend/mocks/ApprovalRepository.go:45.85,47.3 1 0
github.com/evrintobing17/expense-management-backend/mocks/ApprovalRepository.go:48.2,48.76 1 0
github.com/evrintobing17/expense-management-backend/mocks/ApprovalRepository.go:48.76,50.3 1 0
github.com/evrintobing17/expense-management-backend/mocks/ApprovalRepository.go:50.8,51.24 1 0
github.com/evrintobing17/expense-management-backend/mocks/ApprovalRepository.go:51.24,53.4 1 0
github.com/evrintobing17/expense-management-backend/mocks/ApprovalRepository.go:56.2,56.65 1 0
github.com/evrintobing17/expense-management-backend/mocks/ApprovalRepository.go:56.65,58.3 1 0
github.com/evrintobing17/expense-management-backend/mocks/ApprovalRepository.go:58.8,60.3 1 0
github.com/evrintobing17/expense-management-backend/mocks/ApprovalRepository.go:62.2,62.15 1 0
github.com/evrintobing17/expense-management-backend/mocks/ApprovalRepository.go:70.24,74.19 3 0
github.com/evrintobing17/expense-management-backend/mocks/ApprovalRepository.go:74.19,74.49 1 0
github.com/evrintobing17/expense-management-backend/mocks/ApprovalRepository.go:76.2,76.13 1 0
github.com/evrintobing17/expense-management-backend/mocks/AuthService.go:18.112,21.19 2 0
github.com/evrintobing17/expense-management-backend/mocks/AuthService.go:21.19,22.47 1 0
github.com/evrintobing17/expense-management-backend/mocks/AuthService.go:25.2,28.100 4 0
github.com/evrintobing17/expense-management-backend/mocks/AuthService.go:28.100,30.3 1 0
github.com/evrintobing17/expense-management-backend/mocks/AuthService.go:31.2,31.77 1 0
github.com/evrintobing17/expense-management-backend/mocks/AuthService.go:31.77,33.3 1 0
github.com/evrintobing17/expense-management-backend/mocks/AuthService.go:33.8,35.3 1 0
github.com/evrintobing17/expense-management-backend/mocks/AuthService.go:37.2,37.83 1 0
github.com/evrintobing17/expense-management-backend/mocks/AuthService.go:37.83,39.3 1 0
github.com/evrintobing17/expense-management-backend/mocks/AuthService.go:39.8,40.24 1 0
github.com/evrintobing17/expense-management-backend/mocks/AuthService.go:40.24,42.4 1 0
github.com/evrintobing17/expense-management-backend/mocks/AuthService.go:45.2,45.76 1 0
github.com/evrintobing17/expense-management-backend/mocks/AuthService.go:45.76,47.3 1 0
github.com/evrintobing17/expense-management-backend/mocks/AuthService.go:47.8,49.3 1 0
github.com/evrintobing17/expense-management-backend/mocks/AuthService.go:51.2,51.19 1 0
github.com/evrintobing17/expense-management-backend/mocks/AuthService.go:55.105,58.19 2 0
github.com/evrintobing17/expense-management-backend/mocks/AuthService.go:58.19,59.55 1 0
github.com/evrintobing17/expense-management-backend/mocks/AuthService.go:62.2,65.88 4 0
github.com/evrintobing17/expense-management-backend/mocks/AuthService.go:65.88,67.3 1 0
github.com/evrintobing17/expense-management-backend/mocks/AuthService.go:68.2,68.66 1 0
github.com/evrintobing17/expense-management-backend/mocks/AuthService.go:68.66,70.3 1 0
github.com/evrintobing17/expense-management-backend/mocks/AuthService.go:70.8,72.3 1 0
github.com/evrintobing17/expense-management-backend/mocks/AuthService.go:74.2,74.74 1 0
github.com/evrintobing17/expense-management-backend/mocks/AuthService.go:74.74,76.3 1 0
github.com/evrintobing17/expense-management-backend/mocks/AuthService.go:76.8,78.3 1 0
github.com/evrintobing17/expense-management-backend/mocks/AuthService.go:80.2,80.68 1 0
github.com/evrintobing17/expense-management-backend/mocks/AuthService.go:80.68,82.3 1 0
github.com/evrintobing17/expense-management-backend/mocks/AuthService.go:82.8,84.3 1 0
github.com/evrintobing17/expense-management-backend/mocks/AuthService.go:86.2,86.19 1 0
github.com/evrintobing17/expense-management-backend/mocks/AuthService.go:94.17,98.19 3 0
github.com/evrintobing17/expense-management-backend/mocks/AuthService.go:98.19,98.49 1 0
github.com/evrintobing17/expense-management-backend/mocks/AuthService.go:100.2,100.13 1 0
github.com/evrintobing17/expense-management-backend/mocks/AuthUseCase.go:18.120,21.19 2 0
github.com/evrintobing17/expense-management-backend/mocks/AuthUseCase.go:21.19,22.47 1 0
github.com/evrintobing17/expense-management-backend/mocks/AuthUseCase.go:25.2,28.108 4 0
github.com/evrintobing17/expense-management-backend/mocks/AuthUseCase.go:28.108,30.3 1 0
github.com/evrintobing17/expense-management-backend/mocks/AuthUseCase.go:31.2,31.77 1 0
github.com/evrintobing17/expense-management-backend/mocks/AuthUseCase.go:31.77,33.3 1 0
github.com/evrintobing17/expense-management-backend/mocks/AuthUseCase.go:33.8,35.3 1 0
github.com/evrintobing17/expense-management-backend/mocks/AuthUseCase.go:37.2,37.91 1 0
github.com/evrintobing17/expense-management-backend/mocks/AuthUseCase.go:37.91,39.3 1 0
github.com/evrintobing17/expense-management-backend/mocks/AuthUseCase.go:39.8,40.24 1 0
github.com/evrintobing17/expense-management-backend/mocks/AuthUseCase.go:40.24,42.4 1 0
github.com/evrintobing17/expense-management-backend/mocks/AuthUseCase.go:45.2,45.76 1 0
github.com/evrintobing17/expense-management-backend/mocks/AuthUseCase.go:45.76,47.3 1 0
github.com/evrintobing17/expense-management-backend/mocks/AuthUseCase.go:47.8,49.3 1 0
github.com/evrintobing17/expense-management-backend/mocks/AuthUseCase.go:51.2,51.19 1 0
github.com/evrintobing17/expense-management-backend/mocks/AuthUseCase.go:59.17,63.19 3 0
github.com/evrintobing17/expense-management-backend/mocks/AuthUseCase.go:63.19,63.49 1 0
github.com/evrintobing17/expense-management-backend/mocks/AuthUseCase.go:65.2,65.13 1 0
github.com/evrintobing17/expense-management-backend/mocks/ExpenseRepository.go:21.85,24.19 2 0
github.com/evrintobing17/expense-management-backend/mocks/ExpenseRepository.go:24.19,25.48 1 0
github.com/evrintobing17/expense-management-backend/mocks/ExpenseRepository.go:28.2,29.77 2 0
github.com/evrintobing17/expense-management-backend/mocks/ExpenseRepository.go:29.77,31.3 1 0
github.com/evrintobing17/expense-management-backend/mocks/ExpenseRepository.go:31.8,33.3 1 0
github.com/evrintobing17/expense-management-backend/mocks/ExpenseRepository.go:35.2,35.11 1 0
github.com/evrintobing17/expense-management-backend/mocks/ExpenseRepository.go:39.93,42.19 2 0
github.com/evrintobing17/expense-management-backend/mocks/ExpenseRepository.go:42.19,43.50 1 0
github.com/evrintobing17/expense-management-backend/mocks/ExpenseRepository.go:46.2,48.84 3 0
github.com/evrintobing17/expense-management-backend/mocks/ExpenseRepository.go:48.84,50.3 1 0
github.com/evrintobing17/expense-management-backend/mocks/ExpenseRepository.go:51.2,51.75 1 0
github.com/evrintobing17/expense-management-backend/mocks/ExpenseRepository.go:51.75,53.3 1 0
github.com/evrintobing17/expense-management-backend/mocks/ExpenseRepository.go:53.8,54.24 1 0
github.com/evrintobing17/expense-management-backend/mocks/ExpenseRepository.go:54.24,56.4 1 0
github.com/evrintobing17/expense-management-backend/mocks/ExpenseRepository.go:59.2,59.65 1 0
github.com/evrintobing17/expense-management-backend/mocks/ExpenseRepository.go:59.65,61.3 1 0
github.com/evrintobing17/expense-management-backend/mocks/ExpenseRepository.go:61.8,63.3 1 0
github.com/evrintobing17/expense-management-backend/mocks/ExpenseRepository.go:65.2,65.15 1 0
github.com/evrintobing17/expense-management-backend/mocks/ExpenseRepository.go:69.125,71.27 2 0
github.com/evrintobing17/expense-management-backend/mocks/ExpenseRepository.go:71.27,73.3 1 0
github.com/evrintobing17/expense-management-backend/mocks/ExpenseRepository.go:74.2,79.19 5 0
github.com/evrintobing17/expense-management-backend/mocks/ExpenseRepository.go:79.19,80.54 1 0
github.com/evrintobing17/expense-management-backend/mocks/ExpenseRepository.go:83.2,85.106 3 0
github.com/evrintobing17/expense-management-backend/mocks/ExpenseRepository.go:85.106,87.3 1 0
github.com/evrintobing17/expense-management-backend/mocks/ExpenseRepository.go:88.2,88.97 1 0
github.com/evrintobing17/expense-management-backend/mocks/ExpenseRepository.go:88.97,90.3 1 0
github.com/evrintobing17/expense-management-backend/mocks/ExpenseRepository.go:90.8,91.24 1 0
github.com/evrintobing17/expense-management-backend/mocks/ExpenseRepository.go:91.24,93.4 1 0
github.com/evrintobing17/expense-management-backend/mocks/ExpenseRepository.go:96.2,96.85 1 0
github.com/evrintobing17/expense-management-backend/mocks/ExpenseRepository.go:96.85,98.3 1 0
github.com/evrintobing17/expense-management-backend/mocks/ExpenseRepository.go:98.8,100.3 1 0
github.com/evrintobing17/expense-management-backend/mocks/ExpenseRepository.go:102.2,102.15 1 0
github.com/evrintobing17/expense-management-backend/mocks/ExpenseRepository.go:106.155,109.19 2 0
github.com/evrintobing17/expense-management-backend/mocks/ExpenseRepository.go:109.19,110.54 1 0
github.com/evrintobing17/expense-management-backend/mocks/ExpenseRepository.go:113.2,115.118 3 0
github.com/evrintobing17/expense-management-backend/mocks/ExpenseRepository.go:115.118,117.3 1 0
github.com/evrintobing17/expense-management-backend/mocks/ExpenseRepository.go:118.2,118.109 1 0
github.com/evrintobing17/expense-management-backend/mocks/ExpenseRepository.go:118.109,120.3 1 0
github.com/evrintobing17/expense-management-backend/mocks/ExpenseRepository.go:120.8,121.24 1 0
github.com/evrintobing17/expense-management-backend/mocks/ExpenseRepository.go:121.24,123.4 1 0
github.com/evrintobing17/expense-management-backend/mocks/ExpenseRepository.go:126.2,126.97 1 0
github.com/evrintobing17/expense-management-backend/mocks/ExpenseRepository.go:126.97,128.3 1 0
github.com/evrintobing17/expense-management-backend/mocks/ExpenseRepository.go:128.8,130.3 1 0
github.com/evrintobing17/expense-management-backend/mocks/ExpenseRepository.go:132.2,132.15 1 0
github.com/evrintobing17/expense-management-backend/mocks/ExpenseRepository.go:136.98,139.19 2 0
github.com/evrintobing17/expense-management-backend/mocks/ExpenseRepository.go:139.19,140.61 1 0
github.com/evrintobing17/expense-management-backend/mocks/ExpenseRepository.go:143.2,145.81 3 0
github.com/evrintobing17/expense-management-backend/mocks/ExpenseRepository.go:145.81,147.3 1 0
github.com/evrintobing17/expense-management-backend/mocks/ExpenseRepository.go:148.2,148.72 1 0
github.com/evrintobing17/expense-management-backend/mocks/ExpenseRepository.go:148.72,150.3 1 0
github.com/evrintobing17/expense-management-backend/mocks/ExpenseRepository.go:150.8,151.24 1 0
github.com/evrintobing17/expense-management-backend/mocks/ExpenseRepository.go:151.24,153.4 1 0
github.com/evrintobing17/expense-management-backend/mocks/ExpenseRepository.go:156.2,156.60 1 0
github.com/evrintobing17/expense-management-backend/mocks/ExpenseRepository.go:156.60,158.3 1 0
github.com/evrintobing17/expense-management-backend/mocks/ExpenseRepository.go:158.8,160.3 1 0
github.com/evrintobing17/expense-management-backend/mocks/ExpenseRepository.go:162.2,162.15 1 0
github.com/evrintobing17/expense-management-backend/mocks/ExpenseRepository.go:166.131,169.19 2 0
github.com/evrintobing17/expense-management-backend/mocks/ExpenseRepository.go:169.19,170.54 1 0
github.com/evrintobing17/expense-management-backend/mocks/ExpenseRepository.go:173.2,174.99 2 0
github.com/evrintobing17/expense-management-backend/mocks/ExpenseRepository.go:174.99,176.3 1 0
github.com/evrintobing17/expense-management-backend/mocks/ExpenseRepository.go:176.8,178.3 1 0
github.com/evrintobing17/expense-management-backend/mocks/ExpenseRepository.go:180.2,180.11 1 0
github.com/evrintobing17/expense-management-backend/mocks/ExpenseRepository.go:188.23,192.19 3 0
github.com/evrintobing17/expense-management-backend/mocks/ExpenseRepository.go:192.19,192.49 1 0
github.com/evrintobing17/expense-management-backend/mocks/ExpenseRepository.go:194.2,194.13 1 0
github.com/evrintobing17/expense-management-backend/mocks/ExpenseUseCase.go:19.114,22.19 2 0
github.com/evrintobing17/expense-management-backend/mocks/ExpenseUseCase.go:22.19,23.56 1 0
github.com/evrintobing17/expense-management-backend/mocks/ExpenseUseCase.go:26.2,27.78 2 0
github.com/evrintobing17/expense-management-backend/mocks/ExpenseUseCase.go:27.78,29.3 1 0
github.com/evrintobing17/expense-management-backend/mocks/ExpenseUseCase.go:29.8,31.3 1 0
github.com/evrintobing17/expense-management-backend/mocks/ExpenseUseCase.go:33.2,33.11 1 0
github.com/evrintobing17/expense-management-backend/mocks/ExpenseUseCase.go:37.153,40.19 2 0
github.com/evrintobing17/expense-management-backend/mocks/ExpenseUseCase.go:40.19,41.55 1 0
github.com/evrintobing17/expense-management-backend/mocks/ExpenseUseCase.go:44.2,46.105 3 0
github.com/evrintobing17/expense-management-backend/mocks/ExpenseUseCase.go:46.105,48.3 1 0
github.com/evrintobing17/expense-management-backend/mocks/ExpenseUseCase.go:49.2,49.96 1 0
github.com/evrintobing17/expense-management-backend/mocks/ExpenseUseCase.go:49.96,51.3 1 0
github.com/evrintobing17/expense-management-backend/mocks/ExpenseUseCase.go:51.8,52.24 1 0
github.com/evrintobing17/expense-management-backend/mocks/ExpenseUseCase.go:52.24,54.4 1 0
github.com/evrintobing17/expense-management-backend/mocks/ExpenseUseCase.go:57.2,57.86 1 0
github.com/evrintobing17/expense-management-backend/mocks/ExpenseUseCase.go:57.86,59.3 1 0
github.com/evrintobing17/expense-management-backend/mocks/ExpenseUseCase.go:59.8,61.3 1 0
github.com/evrintobing17/expense-management-backend/mocks/ExpenseUseCase.go:63.2,63.15 1 0
github.com/evrintobing17/expense-management-backend/mocks/ExpenseUseCase.go:67.108,70.19 2 0
github.com/evrintobing17/expense-management-backend/mocks/ExpenseUseCase.go:70.19,71.56 1 0
github.com/evrintobing17/expense-management-backend/mocks/ExpenseUseCase.go:74.2,76.89 3 0
github.com/evrintobing17/expense-management-backend/mocks/ExpenseUseCase.go:76.89,78.3 1 0
github.com/evrintobing17/expense-management-backend/mocks/ExpenseUseCase.go:79.2,79.80 1 0
github.com/evrintobing17/expense-management-backend/mocks/ExpenseUseCase.go:79.80,81.3 1 0
github.com/evrintobing17/expense-management-backend/mocks/ExpenseUseCase.go:81.8,82.24 1 0
github.com/evrintobing17/expense-management-backend/mocks/ExpenseUseCase.go:82.24,84.4 1 0
github.com/evrintobing17/expense-management-backend/mocks/ExpenseUseCase.go:87.2,87.70 1 0
github.com/evrintobing17/expense-management-backend/mocks/ExpenseUseCase.go:87.70,89.3 1 0
github.com/evrintobing17/expense-management-backend/mocks/ExpenseUseCase.go:89.8,91.3 1 0
github.com/evrintobing17/expense-management-backend/mocks/ExpenseUseCase.go:93.2,93.15 1 0
github.com/evrintobing17/expense-management-backend/mocks/ExpenseUseCase.go:97.94,100.19 2 0
github.com/evrintobing17/expense-management-backend/mocks/ExpenseUseCase.go:100.19,101.60 1 0
github.com/evrintobing17/expense-management-backend/mocks/ExpenseUseCase.go:104.2,106.81 3 0
github.com/evrintobing17/expense-management-backend/mocks/ExpenseUseCase.go:106.81,108.3 1 0
github.com/evrintobing17/expense-management-backend/mocks/ExpenseUseCase.go:109.2,109.72 1 0
github.com/evrintobing17/expense-management-backend/mocks/ExpenseUseCase.go:109.72,111.3 1 0
github.com/evrintobing17/expense-management-backend/mocks/ExpenseUseCase.go:111.8,112.24 1 0
github.com/evrintobing17/expense-management-backend/mocks/ExpenseUseCase.go:112.24,114.4 1 0
github.com/evrintobing17/expense-management-backend/mocks/ExpenseUseCase.go:117.2,117.60 1 0
github.com/evrintobing17/expense-management-backend/mocks/ExpenseUseCase.go:117.60,119.3 1 0
github.com/evrintobing17/expense-management-backend/mocks/ExpenseUseCase.go:119.8,121.3 1 0
github.com/evrintobing17/expense-management-backend/mocks/ExpenseUseCase.go:123.2,123.15 1 0
github.com/evrintobing17/expense-management-backend/mocks/ExpenseUseCase.go:127.153,130.19 2 0
github.com/evrintobing17/expense-management-backend/mocks/ExpenseUseCase.go:130.19,131.57 1 0
github.com/evrintobing17/expense-management-backend/mocks/ExpenseUseCase.go:134.2,136.118 3 0
github.com/evrintobing17/expense-management-backend/mocks/ExpenseUseCase.go:136.118,138.3 1 0
github.com/evrintobing17/expense-management-backend/mocks/ExpenseUseCase.go:139.2,139.109 1 0
github.com/evrintobing17/expense-management-backend/mocks/ExpenseUseCase.go:139.109,141.3 1 0
github.com/evrintobing17/expense-management-backend/mocks/ExpenseUseCase.go:141.8,142.24 1 0
github.com/evrintobing17/expense-management-backend/mocks/ExpenseUseCase.go:142.24,144.4 1 0
github.com/evrintobing17/expense-management-backend/mocks/ExpenseUseCase.go:147.2,147.97 1 0
github.com/evrintobing17/expense-management-backend/mocks/ExpenseUseCase.go:147.97,149.3 1 0
github.com/evrintobing17/expense-management-backend/mocks/ExpenseUseCase.go:149.8,151.3 1 0
github.com/evrintobing17/expense-management-backend/mocks/ExpenseUseCase.go:153.2,153.15 1 0
github.com/evrintobing17/expense-management-backend/mocks/ExpenseUseCase.go:157.113,160.19 2 0
github.com/evrintobing17/expense-management-backend/mocks/ExpenseUseCase.go:160.19,161.55 1 0
github.com/evrintobing17/expense-management-backend/mocks/ExpenseUseCase.go:164.2,165.78 2 0
github.com/evrintobing17/expense-management-backend/mocks/ExpenseUseCase.go:165.78,167.3 1 0
github.com/evrintobing17/expense-management-backend/mocks/ExpenseUseCase.go:167.8,169.3 1 0
github.com/evrintobing17/expense-management-backend/mocks/ExpenseUseCase.go:171.2,171.11 1 0
github.com/evrintobing17/expense-management-backend/mocks/ExpenseUseCase.go:179.20,183.19 3 0
github.com/evrintobing17/expense-management-backend/mocks/ExpenseUseCase.go:183.19,183.49 1 0
github.com/evrintobing17/expense-management-backend/mocks/ExpenseUseCase.go:185.2,185.13 1 0
github.com/evrintobing17/expense-management-backend/mocks/PaymentService.go:18.127,21.19 2 0
github.com/evrintobing17/expense-management-backend/mocks/PaymentService.go:21.19,22.56 1 0
github.com/evrintobing17/expense-management-backend/mocks/PaymentService.go:25.2,27.100 3 0
github.com/evrintobing17/expense-management-backend/mocks/PaymentService.go:27.100,29.3 1 0
github.com/evrintobing17/expense-management-backend/mocks/PaymentService.go:30.2,30.91 1 0
github.com/evrintobing17/expense-management-backend/mocks/PaymentService.go:30.91,32.3 1 0
github.com/evrintobing17/expense-management-backend/mocks/PaymentService.go:32.8,33.24 1 0
github.com/evrintobing17/expense-management-backend/mocks/PaymentService.go:33.24,35.4 1 0
github.com/evrintobing17/expense-management-backend/mocks/PaymentService.go:38.2,38.73 1 0
github.com/evrintobing17/expense-management-backend/mocks/PaymentService.go:38.73,40.3 1 0
github.com/evrintobing17/expense-management-backend/mocks/PaymentService.go:40.8,42.3 1 0
github.com/evrintobing17/expense-management-backend/mocks/PaymentService.go:44.2,44.15 1 0
github.com/evrintobing17/expense-management-backend/mocks/PaymentService.go:52.20,56.19 3 0
github.com/evrintobing17/expense-management-backend/mocks/PaymentService.go:56.19,56.49 1 0
github.com/evrintobing17/expense-management-backend/mocks/PaymentService.go:58.2,58.13 1 0
github.com/evrintobing17/expense-management-backend/mocks/UserRepository.go:18.96,21.19 2 0
github.com/evrintobing17/expense-management-backend/mocks/UserRepository.go:21.19,22.53 1 0
github.com/evrintobing17/expense-management-backend/mocks/UserRepository.go:25.2,27.84 3 0
github.com/evrintobing17/expense-management-backend/mocks/UserRepository.go:27.84,29.3 1 0
github.com/evrintobing17/expense-management-backend/mocks/UserRepository.go:30.2,30.75 1 0
github.com/evrintobing17/expense-management-backend/mocks/UserRepository.go:30.75,32.3 1 0
github.com/evrintobing17/expense-management-backend/mocks/UserRepository.go:32.8,33.24 1 0
github.com/evrintobing17/expense-management-backend/mocks/UserRepository.go:33.24,35.4 1 0
github.com/evrintobing17/expense-management-backend/mocks/UserRepository.go:38.2,38.68 1 0
github.com/evrintobing17/expense-management-backend/mocks/UserRepository.go:38.68,40.3 1 0
github.com/evrintobing17/expense-management-backend/mocks/UserRepository.go:40.8,42.3 1 0
github.com/evrintobing17/expense-management-backend/mocks/UserRepository.go:44.2,44.15 1 0
github.com/evrintobing17/expense-management-backend/mocks/UserRepository.go:48.87,51.19 2 0
github.com/evrintobing17/expense-management-backend/mocks/UserRepository.go:51.19,52.50 1 0
github.com/evrintobing17/expense-management-backend/mocks/UserRepository.go:55.2,57.81 3 0
github.com/evrintobing17/expense-management-backend/mocks/UserRepository.go:57.81,59.3 1 0
github.com/evrintobing17/expense-management-backend/mocks/UserRepository.go:60.2,60.72 1 0
github.com/evrintobing17/expense-management-backend/mocks/UserRepository.go:60.72,62.3 1 0
github.com/evrintobing17/expense-management-backend/mocks/UserRepository.go:62.8,63.24 1 0
github.com/evrintobing17/expense-management-backend/mocks/UserRepository.go:63.24,65.4 1 0
github.com/evrintobing17/expense-management-backend/mocks/UserRepository.go:68.2,68.65 1 0
github.com/evrintobing17/expense-management-backend/mocks/UserRepository.go:68.65,70.3 1 0
github.com/evrintobing17/expense-management-backend/mocks/UserRepository.go:70.8,72.3 1 0
github.com/evrintobing17/expense-management-backend/mocks/UserRepository.go:74.2,74.15 1 0
github.com/evrintobing17/expense-management-backend/mocks/UserRepository.go:82.20,86.19 3 0
github.com/evrintobing17/expense-management-backend/mocks/UserRepository.go:86.19,86.49 1 0
github.com/evrintobing17/expense-management-backend/mocks/UserRepository.go:88.2,88.13 1 0
github.com/evrintobing17/expense-management-backend/pkg/database/database.go:12.88,17.16 3 0
github.com/evrintobing17/expense-management-backend/pkg/database/database.go:17.16,19.3 1 0
github.com/evrintobing17/expense-management-backend/pkg/database/database.go:20.2,28.16 4 0
github.com/evrintobing17/expense-management-backend/pkg/database/database.go:28.16,30.3 1 0
github.com/evrintobing17/expense-management-backend/pkg/database/database.go:32.2,32.17 1 0
github.com/evrintobing17/expense-management-backend/pkg/database/database.go:32.17,37.17 3 0
github.com/evrintobing17/expense-management-backend/pkg/database/database.go:37.17,39.4 1 0
github.com/evrintobing17/expense-management-backend/pkg/database/database.go:39.9,41.4 1 0
github.com/evrintobing17/expense-management-backend/pkg/database/database.go:44.2,48.16 3 0
github.com/evrintobing17/expense-management-backend/pkg/database/database.go:48.16,50.3 1 0
github.com/evrintobing17/expense-management-backend/pkg/database/database.go:52.2,57.26 5 0
github.com/evrintobing17/expense-management-backend/pkg/database/database.go:57.26,59.29 2 0
github.com/evrintobing17/expense-management-backend/pkg/database/database.go:59.29,60.9 1 0
github.com/evrintobing17/expense-management-backend/pkg/database/database.go:62.3,63.30 2 0
github.com/evrintobing17/expense-management-backend/pkg/database/database.go:66.2,66.28 1 0
github.com/evrintobing17/expense-management-backend/pkg/database/database.go:66.28,68.3 1 0
github.com/evrintobing17/expense-management-backend/pkg/database/database.go:70.2,71.16 2 0
github.com/evrintobing17/expense-management-backend/pkg/database/migrations.go:19.38,21.16 2 0
github.com/evrintobing17/expense-management-backend/pkg/database/migrations.go:21.16,23.3 1 0
github.com/evrintobing17/expense-management-backend/pkg/database/migrations.go:25.2,26.16 2 0
github.com/evrintobing17/expense-management-backend/pkg/database/migrations.go:26.16,28.3 1 0
github.com/evrintobing17/expense-management-backend/pkg/database/migrations.go:30.2,31.16 2 0
github.com/evrintobing17/expense-management-backend/pkg/database/migrations.go:31.16,33.3 1 0
github.com/evrintobing17/expense-management-backend/pkg/database/migrations.go:35.2,35.48 1 0
github.com/evrintobing17/expense-management-backend/pkg/database/migrations.go:35.48,36.67 1 0
github.com/evrintobing17/expense-management-backend/pkg/database/migrations.go:36.67,40.18 3 0
github.com/evrintobing17/expense-management-backend/pkg/database/migrations.go:40.18,42.5 1 0
github.com/evrintobing17/expense-management-backend/pkg/database/migrations.go:45.4,46.18 2 0
github.com/evrintobing17/expense-management-backend/pkg/database/migrations.go:46.18,48.5 1 0
github.com/evrintobing17/expense-management-backend/pkg/database/migrations.go:50.4,50.55 1 0
github.com/evrintobing17/expense-management-backend/pkg/database/migrations.go:54.2,54.12 1 0
github.com/evrintobing17/expense-management-backend/pkg/database/migrations.go:57.46,68.2 3 0
github.com/evrintobing17/expense-management-backend/pkg/database/migrations.go:70.61,73.16 3 0
github.com/evrintobing17/expense-management-backend/pkg/database/migrations.go:73.16,75.3 1 0
github.com/evrintobing17/expense-management-backend/pkg/database/migrations.go:76.2,79.18 3 0
github.com/evrintobing17/expense-management-backend/pkg/database/migrations.go:79.18,82.17 3 0
github.com/evrintobing17/expense-management-backend/pkg/database/migrations.go:82.17,84.4 1 0
github.com/evrintobing17/expense-management-backend/pkg/database/migrations.go:85.3,85.26 1 0
github.com/evrintobing17/expense-management-backend/pkg/database/migrations.go:88.2,88.21 1 0
github.com/evrintobing17/expense-management-backend/pkg/database/migrations.go:91.52,145.45 2 0
github.com/evrintobing17/expense-management-backend/pkg/database/migrations.go:145.45,147.3 1 0
github.com/evrintobing17/expense-management-backend/pkg/database/migrations.go:149.2,149.24 1 0
github.com/evrintobing17/expense-management-backend/pkg/database/migrations.go:152.66,156.2 3 0
github.com/evrintobing17/expense-management-backend/pkg/database/migrations.go:158.43,165.16 6 0
github.com/evrintobing17/expense-management-backend/pkg/database/migrations.go:165.16,167.3 1 0
github.com/evrintobing17/expense-management-backend/pkg/database/migrations.go:169.2,170.16 2 0
github.com/evrintobing17/expense-management-backend/pkg/database/migrations.go:170.16,172.3 1 0
github.com/evrintobing17/expense-management-backend/pkg/database/migrations.go:174.2,175.31 2 0
github.com/evrintobing17/expense-management-backend/pkg/database/migrations.go:175.31,176.27 1 0
github.com/evrintobing17/expense-management-backend/pkg/database/migrations.go:176.27,178.9 2 0
github.com/evrintobing17/expense-management-backend/pkg/database/migrations.go:182.2,182.22 1 0
github.com/evrintobing17/expense-management-backend/pkg/database/migrations.go:182.22,184.3 1 0
github.com/evrintobing17/expense-management-backend/pkg/database/migrations.go:186.2,188.16 3 0
github.com/evrintobing17/expense-management-backend/pkg/database/migrations.go:188.16,190.3 1 0
github.com/evrintobing17/expense-management-backend/pkg/database/migrations.go:192.2,194.16 3 0
github.com/evrintobing17/expense-management-backend/pkg/database/migrations.go:194.16,196.3 1 0
github.com/evrintobing17/expense-management-backend/pkg/database/migrations.go:198.2,199.12 2 0
github.com/evrintobing17/expense-management-backend/internal/payment/service/paymentService.go:21.63,28.2 1 1
github.com/evrintobing17/expense-management-backend/internal/payment/service/paymentService.go:30.126,39.16 4 1
github.com/evrintobing17/expense-management-backend/internal/payment/service/paymentService.go:39.16,41.3 1 0
github.com/evrintobing17/expense-management-backend/internal/payment/service/paymentService.go:43.2,44.16 2 1
github.com/evrintobing17/expense-management-backend/internal/payment/service/paymentService.go:44.16,46.3 1 0
github.com/evrintobing17/expense-management-backend/internal/payment/service/paymentService.go:48.2,51.16 3 1
github.com/evrintobing17/expense-management-backend/internal/payment/service/paymentService.go:51.16,53.3 1 0
github.com/evrintobing17/expense-management-backend/internal/payment/service/paymentService.go:54.2,57.16 3 1
github.com/evrintobing17/expense-management-backend/internal/payment/service/paymentService.go:57.16,59.3 1 0
github.com/evrintobing17/expense-management-backend/internal/payment/service/paymentService.go:61.2,63.16 3 1
github.com/evrintobing17/expense-management-backend/internal/payment/service/paymentService.go:63.16,65.3 1 1
github.com/evrintobing17/expense-management-backend/internal/payment/service/paymentService.go:67.2,67.38 1 1
github.com/evrintobing17/expense-management-backend/internal/payment/service/paymentService.go:67.38,69.3 1 1
github.com/evrintobing17/expense-management-backend/internal/payment/service/paymentService.go:71.2,71.26 1 1
github.com/evrintobing17/expense-management-backend/pkg/utils/helper.go:9.26,12.16 3 1
github.com/evrintobing17/expense-management-backend/pkg/utils/helper.go:12.16,15.3 1 0
github.com/evrintobing17/expense-management-backend/pkg/utils/helper.go:16.2,16.79 1 1
github.com/evrintobing17/expense-management-backend/internal/auth/service/authService.go:25.86,30.2 1 1
github.com/evrintobing17/expense-management-backend/internal/auth/service/authService.go:32.104,34.16 2 1
github.com/evrintobing17/expense-management-backend/internal/auth/service/authService.go:34.16,36.3 1 1
github.com/evrintobing17/expense-management-backend/internal/auth/service/authService.go:38.2,39.16 2 1
github.com/evrintobing17/expense-management-backend/internal/auth/service/authService.go:39.16,41.3 1 1
github.com/evrintobing17/expense-management-backend/internal/auth/service/authService.go:43.2,44.16 2 1
github.com/evrintobing17/expense-management-backend/internal/auth/service/authService.go:44.16,46.3 1 0
github.com/evrintobing17/expense-management-backend/internal/auth/service/authService.go:48.2,48.25 1 1
github.com/evrintobing17/expense-management-backend/internal/auth/service/authService.go:51.93,61.2 3 1
github.com/evrintobing17/expense-management-backend/internal/auth/service/authService.go:63.104,64.83 1 1
github.com/evrintobing17/expense-management-backend/internal/auth/service/authService.go:64.83,65.58 1 1
github.com/evrintobing17/expense-management-backend/internal/auth/service/authService.go:65.58,67.4 1 0
github.com/evrintobing17/expense-management-backend/internal/auth/service/authService.go:68.3,68.34 1 1
github.com/evrintobing17/expense-management-backend/internal/auth/service/authService.go:71.2,71.16 1 1
github.com/evrintobing17/expense-management-backend/internal/auth/service/authService.go:71.16,73.3 1 1
github.com/evrintobing17/expense-management-backend/internal/auth/service/authService.go:75.2,75.67 1 1
github.com/evrintobing17/expense-management-backend/internal/auth/service/authService.go:75.67,79.3 3 1
github.com/evrintobing17/expense-management-backend/internal/auth/service/authService.go:81.2,81.43 1 0
